app/build/intermediates/manifest_merge_blame_file/debug/manifest-merger-blame-debug-report.txt
1<?xml version="1.0" encoding="utf-8"?>
2<manifest xmlns:android="http://schemas.android.com/apk/res/android"
3    package="net.majorkernelpanic.spydroid"
4    android:versionCode="1000"
5    android:versionName="10" >
6
7    <uses-sdk
7-->src/main/AndroidManifest.xml:7:5-9:41
8        android:minSdkVersion="21"
8-->src/main/AndroidManifest.xml:8:9-35
9        android:targetSdkVersion="29" />
9-->src/main/AndroidManifest.xml:9:9-38
10
11    <uses-feature android:name="android.hardware.camera" />
11-->src/main/AndroidManifest.xml:11:5-60
11-->src/main/AndroidManifest.xml:11:19-57
12    <uses-feature android:name="android.hardware.camera.autofocus" />
12-->src/main/AndroidManifest.xml:12:5-70
12-->src/main/AndroidManifest.xml:12:19-67
13
14    <uses-permission android:name="android.permission.INTERNET" />
14-->src/main/AndroidManifest.xml:14:5-67
14-->src/main/AndroidManifest.xml:14:22-64
15    <uses-permission android:name="android.permission.ACCESS_NETWORK_STATE" />
15-->src/main/AndroidManifest.xml:15:5-79
15-->src/main/AndroidManifest.xml:15:22-76
16    <uses-permission android:name="android.permission.WRITE_EXTERNAL_STORAGE" />
16-->src/main/AndroidManifest.xml:16:5-81
16-->src/main/AndroidManifest.xml:16:22-78
17    <uses-permission android:name="android.permission.RECORD_AUDIO" />
17-->src/main/AndroidManifest.xml:17:5-71
17-->src/main/AndroidManifest.xml:17:22-68
18    <uses-permission android:name="android.permission.WAKE_LOCK" />
18-->src/main/AndroidManifest.xml:18:5-68
18-->src/main/AndroidManifest.xml:18:22-65
19    <uses-permission android:name="android.permission.ACCESS_WIFI_STATE" />
19-->src/main/AndroidManifest.xml:19:5-76
19-->src/main/AndroidManifest.xml:19:22-73
20    <uses-permission android:name="android.permission.CHANGE_WIFI_MULTICAST_STATE" />
20-->src/main/AndroidManifest.xml:20:5-86
20-->src/main/AndroidManifest.xml:20:22-83
21    <uses-permission android:name="android.permission.CAMERA" />
21-->src/main/AndroidManifest.xml:21:2-62
21-->src/main/AndroidManifest.xml:21:19-59
22    <uses-permission android:name="android.permission.VIBRATE" />
22-->src/main/AndroidManifest.xml:22:5-66
22-->src/main/AndroidManifest.xml:22:22-63
23
24    <application
24-->src/main/AndroidManifest.xml:25:5-54:19
25        android:name="net.majorkernelpanic.spydroid.SpydroidApplication"
25-->src/main/AndroidManifest.xml:26:9-73
26        android:allowBackup="true"
26-->src/main/AndroidManifest.xml:27:9-35
27        android:debuggable="true"
28        android:icon="@drawable/icon"
28-->src/main/AndroidManifest.xml:28:9-38
29        android:label="@string/app_name"
29-->src/main/AndroidManifest.xml:29:9-41
30        android:testOnly="true" >
31        <activity
31-->src/main/AndroidManifest.xml:31:9-40:20
32            android:name="net.majorkernelpanic.spydroid.ui.SpydroidActivity"
32-->src/main/AndroidManifest.xml:32:13-77
33            android:label="@string/app_name"
33-->src/main/AndroidManifest.xml:33:13-45
34            android:launchMode="singleInstance" >
34-->src/main/AndroidManifest.xml:34:13-48
35            <intent-filter>
35-->src/main/AndroidManifest.xml:35:13-39:29
36                <action android:name="android.intent.action.MAIN" />
36-->src/main/AndroidManifest.xml:36:17-69
36-->src/main/AndroidManifest.xml:36:25-66
37
38                <category android:name="android.intent.category.LAUNCHER" />
38-->src/main/AndroidManifest.xml:38:17-77
38-->src/main/AndroidManifest.xml:38:27-74
39            </intent-filter>
40        </activity>
41        <activity
41-->src/main/AndroidManifest.xml:42:9-44:125
42            android:name="com.google.ads.AdActivity"
42-->src/main/AndroidManifest.xml:43:13-53
43            android:configChanges="keyboard|keyboardHidden|orientation|screenLayout|uiMode|screenSize|smallestScreenSize" />
43-->src/main/AndroidManifest.xml:44:13-122
44        <activity
44-->src/main/AndroidManifest.xml:46:9-49:20
45            android:name="net.majorkernelpanic.spydroid.ui.OptionsActivity"
45-->src/main/AndroidManifest.xml:47:13-76
46            android:label="@string/options_activity_title" >
46-->src/main/AndroidManifest.xml:48:13-59
47        </activity>
48
49        <service android:name="net.majorkernelpanic.spydroid.api.CustomHttpServer" />
49-->src/main/AndroidManifest.xml:51:9-85
49-->src/main/AndroidManifest.xml:51:18-83
50        <service android:name="net.majorkernelpanic.spydroid.api.CustomRtspServer" />
50-->src/main/AndroidManifest.xml:52:9-85
50-->src/main/AndroidManifest.xml:52:18-83
51    </application>
52
53</manifest>